0 info it worked if it ends with ok
1 verbose cli [ '/usr/local/bin/node', '/usr/local/bin/npm', 'start' ]
2 info using npm@3.10.10
3 info using node@v6.9.5
4 warn invalid config https-proxy=""
5 warn invalid config Must be a full url with 'http://'
6 verbose stack Error: Failed to parse json
6 verbose stack Unexpected token 's' at 9:6
6 verbose stack     "start" : "node app"
6 verbose stack      ^
6 verbose stack     at parseError (/usr/local/lib/node_modules/npm/node_modules/read-package-json/read-json.js:390:11)
6 verbose stack     at parseJson (/usr/local/lib/node_modules/npm/node_modules/read-package-json/read-json.js:79:23)
6 verbose stack     at /usr/local/lib/node_modules/npm/node_modules/read-package-json/read-json.js:48:5
6 verbose stack     at /usr/local/lib/node_modules/npm/node_modules/graceful-fs/graceful-fs.js:78:16
6 verbose stack     at tryToString (fs.js:455:3)
6 verbose stack     at FSReqWrap.readFileAfterClose [as oncomplete] (fs.js:442:12)
7 verbose cwd /Users/praneethrajreddy/Desktop/test/tic-tac-toe
8 error Darwin 16.3.0
9 error argv "/usr/local/bin/node" "/usr/local/bin/npm" "start"
10 error node v6.9.5
11 error npm  v3.10.10
12 error file /Users/praneethrajreddy/Desktop/test/tic-tac-toe/package.json
13 error code EJSONPARSE
14 error Failed to parse json
14 error Unexpected token 's' at 9:6
14 error     "start" : "node app"
14 error      ^
15 error File: /Users/praneethrajreddy/Desktop/test/tic-tac-toe/package.json
16 error Failed to parse package.json data.
16 error package.json must be actual JSON, not just JavaScript.
16 error
16 error This is not a bug in npm.
16 error Tell the package author to fix their package.json file. JSON.parse
17 verbose exit [ 1, true ]
